\BOOKMARK [1][-]{section*.1}{<<BEGIN ARTICLE>>}{}% 1
\BOOKMARK [1][-]{section*.2}{Background}{}% 2
\BOOKMARK [2][-]{section*.3}{Diverse motivations for designing new instruments}{section*.2}% 3
\BOOKMARK [2][-]{section*.4}{DMI design and HCI}{section*.2}% 4
\BOOKMARK [3][-]{section*.5}{User-centered, human-centered and participatory design}{section*.4}% 5
\BOOKMARK [3][-]{section*.6}{Design frameworks}{section*.4}% 6
\BOOKMARK [2][-]{section*.7}{Novel approaches to idea generation and prototyping}{section*.2}% 7
\BOOKMARK [3][-]{section*.8}{Probatio}{section*.7}% 8
\BOOKMARK [3][-]{section*.10}{Magic machines and design fiction}{section*.7}% 9
\BOOKMARK [3][-]{section*.11}{Towards design for performance}{section*.7}% 10
\BOOKMARK [1][-]{section*.12}{The Design for Performance workshop}{}% 11
\BOOKMARK [2][-]{section*.13}{Crafting materials}{section*.12}% 12
\BOOKMARK [2][-]{section*.14}{Pilot}{section*.12}% 13
\BOOKMARK [2][-]{section*.15}{Participant selection and consent}{section*.12}% 14
\BOOKMARK [3][-]{section*.16}{Criteria and recruitment}{section*.15}% 15
\BOOKMARK [2][-]{section*.17}{Workshop activities}{section*.12}% 16
\BOOKMARK [3][-]{section*.18}{Activity 1: Prompt}{section*.17}% 17
\BOOKMARK [3][-]{section*.19}{Activity 2: Crafting non-functional prototypes}{section*.17}% 18
\BOOKMARK [3][-]{section*.21}{Activity 3: Presentations}{section*.17}% 19
\BOOKMARK [3][-]{section*.22}{Activity 4: Dot-voting}{section*.17}% 20
\BOOKMARK [3][-]{section*.24}{Activity 5: Group discussion}{section*.17}% 21
\BOOKMARK [1][-]{section*.25}{Results}{}% 22
\BOOKMARK [2][-]{section*.26}{Participant profiles and output}{section*.25}% 23
\BOOKMARK [3][-]{section*.27}{Design outputs}{section*.26}% 24
\BOOKMARK [2][-]{section*.29}{Key elements, dot voting, and discussion}{section*.25}% 25
\BOOKMARK [1][-]{section*.32}{Thematic analysis}{}% 26
\BOOKMARK [2][-]{section*.33}{Design specifications}{section*.32}% 27
\BOOKMARK [1][-]{section*.35}{Discussion}{}% 28
\BOOKMARK [2][-]{section*.36}{Limitations and future work}{section*.35}% 29
\BOOKMARK [3][-]{section*.37}{Generic vs. idiosyncratic design}{section*.36}% 30
\BOOKMARK [2][-]{section*.38}{Conclusion}{section*.35}% 31
\BOOKMARK [1][-]{section*.41}{Appendix 2: Thematic Analysis Codebook}{}% 32
