This is pdfTeX, Version 3.141592653-2.6-1.40.23 (TeX Live 2022/dev) (preloaded format=pdflatex 2022.1.16)  15 FEB 2023 17:48
entering extended mode
 restricted \write18 enabled.
 file:line:error style messages enabled.
 %&-line parsing enabled.
**/Users/johnnyvenom/Documents/Publications/CMJ_workshop_2021/misc/CoDesign_OLD/InteractCADLaTeX/interactcadsample.tex
(/Users/johnnyvenom/Documents/Publications/CMJ_workshop_2021/misc/CoDesign_OLD/InteractCADLaTeX/interactcadsample.tex
LaTeX2e <2021-11-15> patch level 1
L3 programming layer <2022-01-12> (./interact.cls
Document Class: interact 2016/10/17 v1.03 Interact LaTeX document class
(/usr/local/texlive/2021/texmf-dist/tex/latex/base/article.cls
Document Class: article 2021/10/04 v1.4n Standard LaTeX document class
(/usr/local/texlive/2021/texmf-dist/tex/latex/base/size11.clo
File: size11.clo 2021/10/04 v1.4n Standard LaTeX file (size option)
)
\c@part=\count185
\c@section=\count186
\c@subsection=\count187
\c@subsubsection=\count188
\c@paragraph=\count189
\c@subparagraph=\count190
\c@figure=\count191
\c@table=\count192
\abovecaptionskip=\skip47
\belowcaptionskip=\skip48
\bibindent=\dimen138
) (/usr/local/texlive/2021/texmf-dist/tex/latex/amsmath/amsmath.sty
Package: amsmath 2021/10/15 v2.17l AMS math features
\@mathmargin=\skip49

For additional information on amsmath, use the `?' option.
(/usr/local/texlive/2021/texmf-dist/tex/latex/amsmath/amstext.sty
Package: amstext 2021/08/26 v2.01 AMS text
 (/usr/local/texlive/2021/texmf-dist/tex/latex/amsmath/amsgen.sty
File: amsgen.sty 1999/11/30 v2.0 generic functions
\@emptytoks=\toks16
\ex@=\dimen139
)) (/usr/local/texlive/2021/texmf-dist/tex/latex/amsmath/amsbsy.sty
Package: amsbsy 1999/11/29 v1.2d Bold Symbols
\pmbraise@=\dimen140
) (/usr/local/texlive/2021/texmf-dist/tex/latex/amsmath/amsopn.sty
Package: amsopn 2021/08/26 v2.02 operator names
)
\inf@bad=\count193
LaTeX Info: Redefining \frac on input line 234.
\uproot@=\count194
\leftroot@=\count195
LaTeX Info: Redefining \overline on input line 399.
\classnum@=\count196
\DOTSCASE@=\count197
LaTeX Info: Redefining \ldots on input line 496.
LaTeX Info: Redefining \dots on input line 499.
LaTeX Info: Redefining \cdots on input line 620.
\Mathstrutbox@=\box50
\strutbox@=\box51
\big@size=\dimen141
LaTeX Font Info:    Redeclaring font encoding OML on input line 743.
LaTeX Font Info:    Redeclaring font encoding OMS on input line 744.
\macc@depth=\count198
\c@MaxMatrixCols=\count199
\dotsspace@=\muskip16
\c@parentequation=\count266
\dspbrk@lvl=\count267
\tag@help=\toks17
\row@=\count268
\column@=\count269
\maxfields@=\count270
\andhelp@=\toks18
\eqnshift@=\dimen142
\alignsep@=\dimen143
\tagshift@=\dimen144
\tagwidth@=\dimen145
\totwidth@=\dimen146
\lineht@=\dimen147
\@envbody=\toks19
\multlinegap=\skip50
\multlinetaggap=\skip51
\mathdisplay@stack=\toks20
LaTeX Info: Redefining \[ on input line 2938.
LaTeX Info: Redefining \] on input line 2939.
) (/usr/local/texlive/2021/texmf-dist/tex/latex/amsfonts/amssymb.sty
Package: amssymb 2013/01/14 v3.01 AMS font symbols
 (/usr/local/texlive/2021/texmf-dist/tex/latex/amsfonts/amsfonts.sty
Package: amsfonts 2013/01/14 v3.01 Basic AMSFonts support
\symAMSa=\mathgroup4
\symAMSb=\mathgroup5
LaTeX Font Info:    Redeclaring math symbol \hbar on input line 98.
LaTeX Font Info:    Overwriting math alphabet `\mathfrak' in version `bold'
(Font)                  U/euf/m/n --> U/euf/b/n on input line 106.
)) (/usr/local/texlive/2021/texmf-dist/tex/latex/amscls/amsthm.sty
Package: amsthm 2020/05/29 v2.20.6
\thm@style=\toks21
\thm@bodyfont=\toks22
\thm@headfont=\toks23
\thm@notefont=\toks24
\thm@headpunct=\toks25
\thm@preskip=\skip52
\thm@postskip=\skip53
\thm@headsep=\skip54
\dth@everypar=\toks26
) (./booktabs.sty
Package: booktabs 2005/04/14 v1.61803 publication quality tables
\heavyrulewidth=\dimen148
\lightrulewidth=\dimen149
\cmidrulewidth=\dimen150
\belowrulesep=\dimen151
\belowbottomsep=\dimen152
\aboverulesep=\dimen153
\abovetopsep=\dimen154
\cmidrulesep=\dimen155
\cmidrulekern=\dimen156
\defaultaddspace=\dimen157
\@cmidla=\count271
\@cmidlb=\count272
\@aboverulesep=\dimen158
\@belowrulesep=\dimen159
\@thisruleclass=\count273
\@lastruleclass=\count274
\@thisrulewidth=\dimen160
) (./epsfig.sty
Package: epsfig 1999/02/16 v1.7a (e)psfig emulation (SPQR)
 (/usr/local/texlive/2021/texmf-dist/tex/latex/graphics/graphicx.sty
Package: graphicx 2021/09/16 v1.2d Enhanced LaTeX Graphics (DPC,SPQR)
 (/usr/local/texlive/2021/texmf-dist/tex/latex/graphics/keyval.sty
Package: keyval 2014/10/28 v1.15 key=value parser (DPC)
\KV@toks@=\toks27
) (/usr/local/texlive/2021/texmf-dist/tex/latex/graphics/graphics.sty
Package: graphics 2021/03/04 v1.4d Standard LaTeX Graphics (DPC,SPQR)
 (/usr/local/texlive/2021/texmf-dist/tex/latex/graphics/trig.sty
Package: trig 2021/08/11 v1.11 sin cos tan (DPC)
) (/usr/local/texlive/2021/texmf-dist/tex/latex/graphics-cfg/graphics.cfg
File: graphics.cfg 2016/06/04 v1.11 sample graphics configuration
)
Package graphics Info: Driver file: pdftex.def on input line 107.
 (/usr/local/texlive/2021/texmf-dist/tex/latex/graphics-def/pdftex.def
File: pdftex.def 2020/10/05 v1.2a Graphics/color driver for pdftex
))
\Gin@req@height=\dimen161
\Gin@req@width=\dimen162
)
\epsfxsize=\dimen163
\epsfysize=\dimen164
) (./rotating.sty
Package: rotating 1997/09/26, v2.13 Rotation package
 (/usr/local/texlive/2021/texmf-dist/tex/latex/base/ifthen.sty
Package: ifthen 2020/11/24 v1.1c Standard LaTeX ifthen package (DPC)
)
\c@r@tfl@t=\count275
\rot@float@box=\box52
) (/usr/local/texlive/2021/texmf-dist/tex/latex/geometry/geometry.sty
Package: geometry 2020/01/02 v5.9 Page Geometry
 (/usr/local/texlive/2021/texmf-dist/tex/generic/iftex/ifvtex.sty
Package: ifvtex 2019/10/25 v1.7 ifvtex legacy package. Use iftex instead.
 (/usr/local/texlive/2021/texmf-dist/tex/generic/iftex/iftex.sty
Package: iftex 2020/03/06 v1.0d TeX engine tests
))
\Gm@cnth=\count276
\Gm@cntv=\count277
\c@Gm@tempcnt=\count278
\Gm@bindingoffset=\dimen165
\Gm@wd@mp=\dimen166
\Gm@odd@mp=\dimen167
\Gm@even@mp=\dimen168
\Gm@layoutwidth=\dimen169
\Gm@layoutheight=\dimen170
\Gm@layouthoffset=\dimen171
\Gm@layoutvoffset=\dimen172
\Gm@dimlist=\toks28
)
\c@mv@upright=\count279
\c@mv@boldupright=\count280
LaTeX Font Info:    Overwriting symbol font `letters' in version `upright'
(Font)                  OML/cmm/m/it --> OML/eur/m/n on input line 163.
LaTeX Font Info:    Overwriting symbol font `letters' in version `boldupright'
(Font)                  OML/cmm/m/it --> OML/eur/b/n on input line 164.
\figheight=\dimen173
\figwidth=\dimen174
\tabledim=\dimen175
\LabelSep=\dimen176
\TopSep=\skip55
) (/usr/local/texlive/2021/texmf-dist/tex/latex/epstopdf-pkg/epstopdf.sty
Package: epstopdf 2020-01-24 v2.11 Conversion with epstopdf on the fly (HO)
 (/usr/local/texlive/2021/texmf-dist/tex/generic/infwarerr/infwarerr.sty
Package: infwarerr 2019/12/03 v1.5 Providing info/warning/error messages (HO)
) (/usr/local/texlive/2021/texmf-dist/tex/latex/grfext/grfext.sty
Package: grfext 2019/12/03 v1.3 Manage graphics extensions (HO)
 (/usr/local/texlive/2021/texmf-dist/tex/generic/kvdefinekeys/kvdefinekeys.sty
Package: kvdefinekeys 2019-12-19 v1.6 Define keys (HO)
)) (/usr/local/texlive/2021/texmf-dist/tex/latex/kvoptions/kvoptions.sty
Package: kvoptions 2020-10-07 v3.14 Key value format for package options (HO)
 (/usr/local/texlive/2021/texmf-dist/tex/generic/ltxcmds/ltxcmds.sty
Package: ltxcmds 2020-05-10 v1.25 LaTeX kernel commands for general use (HO)
) (/usr/local/texlive/2021/texmf-dist/tex/generic/kvsetkeys/kvsetkeys.sty
Package: kvsetkeys 2019/12/15 v1.18 Key value parser (HO)
)) (/usr/local/texlive/2021/texmf-dist/tex/generic/pdftexcmds/pdftexcmds.sty
Package: pdftexcmds 2020-06-27 v0.33 Utility functions of pdfTeX for LuaTeX (HO)
Package pdftexcmds Info: \pdf@primitive is available.
Package pdftexcmds Info: \pdf@ifprimitive is available.
Package pdftexcmds Info: \pdfdraftmode found.
) (/usr/local/texlive/2021/texmf-dist/tex/latex/epstopdf-pkg/epstopdf-base.sty
Package: epstopdf-base 2020-01-24 v2.11 Base part for package epstopdf
Package epstopdf-base Info: Redefining graphics rule for `.eps' on input line 485.
Package grfext Info: Graphics extension search list:
(grfext)             [.pdf,.png,.jpg,.mps,.jpeg,.jbig2,.jb2,.PDF,.PNG,.JPG,.JPEG,.JBIG2,.JB2,.eps]
(grfext)             \AppendGraphicsExtensions on input line 504.
 (/usr/local/texlive/2021/texmf-dist/tex/latex/latexconfig/epstopdf-sys.cfg
File: epstopdf-sys.cfg 2010/07/13 v1.3 Configuration of (r)epstopdf for TeX Live
))) (./subfigure.sty
Package: subfigure 2002/07/30 v2.1.4 subfigure package
\subfigtopskip=\skip56
\subfigcapskip=\skip57
\subfigcaptopadj=\dimen177
\subfigbottomskip=\skip58
\subfigcapmargin=\dimen178
\subfiglabelskip=\skip59
\c@subfigure=\count281
\c@lofdepth=\count282
\c@subtable=\count283
\c@lotdepth=\count284

****************************************
* Local config file subfigure.cfg used *
****************************************
(/usr/local/texlive/2021/texmf-dist/tex/latex/subfigure/subfigure.cfg)
\subfig@top=\skip60
\subfig@bottom=\skip61
) (./natbib.sty
Package: natbib 2010/09/13 8.31b (PWD, AO)
\bibhang=\skip62
\bibsep=\skip63
LaTeX Info: Redefining \cite on input line 694.
\c@NAT@ctr=\count285
)
\c@theorem=\count286
\c@remark=\count287
\c@notation=\count288
 (/usr/local/texlive/2021/texmf-dist/tex/latex/l3backend/l3backend-pdftex.def
File: l3backend-pdftex.def 2022-01-12 L3 backend support: PDF output (pdfTeX)
\l__color_backend_stack_int=\count289
\l__pdf_internal_box=\box53
) (./interactcadsample.aux)
\openout1 = `interactcadsample.aux'.

LaTeX Font Info:    Checking defaults for OML/cmm/m/it on input line 28.
LaTeX Font Info:    ... okay on input line 28.
LaTeX Font Info:    Checking defaults for OMS/cmsy/m/n on input line 28.
LaTeX Font Info:    ... okay on input line 28.
LaTeX Font Info:    Checking defaults for OT1/cmr/m/n on input line 28.
LaTeX Font Info:    ... okay on input line 28.
LaTeX Font Info:    Checking defaults for T1/cmr/m/n on input line 28.
LaTeX Font Info:    ... okay on input line 28.
LaTeX Font Info:    Checking defaults for TS1/cmr/m/n on input line 28.
LaTeX Font Info:    ... okay on input line 28.
LaTeX Font Info:    Checking defaults for OMX/cmex/m/n on input line 28.
LaTeX Font Info:    ... okay on input line 28.
LaTeX Font Info:    Checking defaults for U/cmr/m/n on input line 28.
LaTeX Font Info:    ... okay on input line 28.
 (/usr/local/texlive/2021/texmf-dist/tex/context/base/mkii/supp-pdf.mkii
[Loading MPS to PDF converter (version 2006.09.02).]
\scratchcounter=\count290
\scratchdimen=\dimen179
\scratchbox=\box54
\nofMPsegments=\count291
\nofMParguments=\count292
\everyMPshowfont=\toks29
\MPscratchCnt=\count293
\MPscratchDim=\dimen180
\MPnumerator=\count294
\makeMPintoPDFobject=\count295
\everyMPtoPDFconversion=\toks30
)
*geometry* driver: auto-detecting
*geometry* detected driver: pdftex
*geometry* verbose mode - [ preamble ] result:
* driver: pdftex
* paper: <default>
* layout: <same size as paper>
* layoutoffset:(h,v)=(0.0pt,0.0pt)
* modes: 
* h-part:(L,W,R)=(94.75394pt, 408.0pt, 94.75394pt)
* v-part:(T,H,B)=(78.01874pt, 650.0pt, 117.0281pt)
* \paperwidth=597.50787pt
* \paperheight=845.04684pt
* \textwidth=408.0pt
* \textheight=650.0pt
* \oddsidemargin=22.48395pt
* \evensidemargin=22.48395pt
* \topmargin=-31.25125pt
* \headheight=12.0pt
* \headsep=25.0pt
* \topskip=11.0pt
* \footskip=30.0pt
* \marginparwidth=50.0pt
* \marginparsep=10.0pt
* \columnsep=12.0pt
* \skip\footins=10.0pt plus 4.0pt minus 2.0pt
* \hoffset=0.0pt
* \voffset=0.0pt
* \mag=1000
* \@twocolumnfalse
* \@twosidefalse
* \@mparswitchfalse
* \@reversemarginfalse
* (1in=72.27pt=25.4mm, 1cm=28.453pt)


LaTeX Font Warning: Font shape `OT1/cmr/m/n' in size <13> not available
(Font)              size <12> substituted on input line 39.


LaTeX Font Warning: Font shape `OT1/cmr/bx/n' in size <13> not available
(Font)              size <12> substituted on input line 39.

LaTeX Font Info:    Calculating math sizes for size <13> on input line 39.

LaTeX Font Warning: Font shape `OT1/cmr/bx/n' in size <6.5> not available
(Font)              size <6> substituted on input line 39.


LaTeX Font Warning: Font shape `OML/cmm/b/it' in size <13> not available
(Font)              size <12> substituted on input line 39.


LaTeX Font Warning: Font shape `OML/cmm/b/it' in size <6.5> not available
(Font)              size <6> substituted on input line 39.


LaTeX Font Warning: Font shape `OMS/cmsy/b/n' in size <13> not available
(Font)              size <12> substituted on input line 39.


LaTeX Font Warning: Font shape `OMS/cmsy/b/n' in size <6.5> not available
(Font)              size <6> substituted on input line 39.

LaTeX Font Info:    Trying to load font information for U+msa on input line 39.
(/usr/local/texlive/2021/texmf-dist/tex/latex/amsfonts/umsa.fd
File: umsa.fd 2013/01/14 v3.01 AMS symbols A
)
LaTeX Font Info:    Trying to load font information for U+msb on input line 39.
 (/usr/local/texlive/2021/texmf-dist/tex/latex/amsfonts/umsb.fd
File: umsb.fd 2013/01/14 v3.01 AMS symbols B
)

LaTeX Font Warning: Font shape `OT1/cmss/bx/n' in size <13> not available
(Font)              size <12> substituted on input line 39.

LaTeX Font Info:    Calculating math sizes for size <11> on input line 39.

LaTeX Font Warning: Font shape `OT1/cmr/m/n' in size <5.5> not available
(Font)              size <5> substituted on input line 39.


LaTeX Font Warning: Font shape `OML/cmm/m/it' in size <5.5> not available
(Font)              size <5> substituted on input line 39.


LaTeX Font Warning: Font shape `OMS/cmsy/m/n' in size <5.5> not available
(Font)              size <5> substituted on input line 39.


LaTeX Font Warning: Font shape `OT1/cmss/bx/it' undefined
(Font)              using `OT1/cmss/bx/n' instead on input line 59.

[1



{/usr/local/texlive/2021/texmf-var/fonts/map/pdftex/updmap/pdftex.map}]

LaTeX Font Warning: Font shape `OT1/cmr/bx/n' in size <5.5> not available
(Font)              size <5> substituted on input line 66.


LaTeX Font Warning: Font shape `OML/cmm/b/it' in size <5.5> not available
(Font)              size <5> substituted on input line 66.


LaTeX Font Warning: Font shape `OMS/cmsy/b/n' in size <5.5> not available
(Font)              size <5> substituted on input line 66.

LaTeX Font Info:    Font shape `OT1/cmtt/bx/n' in size <11> not available
(Font)              Font shape `OT1/cmtt/m/n' tried instead on input line 73.
[2]
Overfull \hbox (5.90552pt too wide) in paragraph at lines 121--121
[]\OT1/cmtt/m/n/10.95 \title{Taylor \& Francis \LaTeX\ template for authors (\textsf{Interact}[] 
 []

[3] [4]
Package epstopdf Info: Source file: <graph1.eps>
(epstopdf)                    date: 2023-02-15 17:48:06
(epstopdf)                    size: 37501 bytes
(epstopdf)             Output file: <graph1-eps-converted-to.pdf>
(epstopdf)                    date: 2023-02-15 17:48:07
(epstopdf)                    size: 11802 bytes
(epstopdf)             Command: <repstopdf --outfile=graph1-eps-converted-to.pdf graph1.eps>
(epstopdf)             \includegraphics on input line 217.
Package epstopdf Info: Output file is already uptodate.
<graph1-eps-converted-to.pdf, id=36, 231.24393pt x 187.51053pt>
File: graph1-eps-converted-to.pdf Graphic file (type pdf)
<use graph1-eps-converted-to.pdf>
Package pdftex.def Info: graph1-eps-converted-to.pdf  used on input line 217.
(pdftex.def)             Requested size: 231.24336pt x 187.51006pt.
Package epstopdf Info: Source file: <graph2.eps>
(epstopdf)                    date: 2023-02-15 17:48:06
(epstopdf)                    size: 37145 bytes
(epstopdf)             Output file: <graph2-eps-converted-to.pdf>
(epstopdf)                    date: 2023-02-15 17:48:08
(epstopdf)                    size: 12096 bytes
(epstopdf)             Command: <repstopdf --outfile=graph2-eps-converted-to.pdf graph2.eps>
(epstopdf)             \includegraphics on input line 219.
Package epstopdf Info: Output file is already uptodate.
<graph2-eps-converted-to.pdf, id=37, 231.24393pt x 187.51053pt>
File: graph2-eps-converted-to.pdf Graphic file (type pdf)
<use graph2-eps-converted-to.pdf>
Package pdftex.def Info: graph2-eps-converted-to.pdf  used on input line 219.
(pdftex.def)             Requested size: 231.24336pt x 187.51006pt.
 [5 <./graph1-eps-converted-to.pdf> <./graph2-eps-converted-to.pdf>] [6] [7] [8]

LaTeX Font Warning: Font shape `OML/eur/m/n' in size <5.5> not available
(Font)              size <5> substituted on input line 383.

[9] [10] [11] [12]
Overfull \hbox (11.6542pt too wide) in paragraph at lines 643--643
[] \OT1/cmtt/m/n/10.95 Muscle Development of Atlantic Salmon (\emph{Salmo salar} L.) Embryos.''[] 
 []


Overfull \hbox (23.15158pt too wide) in paragraph at lines 643--643
[] \OT1/cmtt/m/n/10.95 Survey Questions to Measure Public Opinion.'' \emph{Science} 236: 957--59.[] 
 []

[13] [14]
Underfull \hbox (badness 1082) in paragraph at lines 711--712
\OT1/cmr/m/n/10.95 This ar-ti-cle tem-plate, the \OT1/cmtt/m/n/10.95 interact \OT1/cmr/m/n/10.95 class file and the as-so-ci-ated open-source
 []

[15] (./interactcadsample.aux)

LaTeX Font Warning: Size substitutions with differences
(Font)              up to 1.0pt have occurred.


LaTeX Font Warning: Some font shapes were not available, defaults substituted.

 ) 
Here is how much of TeX's memory you used:
 4913 strings out of 478286
 75074 string characters out of 5846727
 373147 words of memory out of 5000000
 23011 multiletter control sequences out of 15000+600000
 489771 words of font info for 107 fonts, out of 8000000 for 9000
 1141 hyphenation exceptions out of 8191
 85i,13n,90p,1413b,306s stack positions out of 5000i,500n,10000p,200000b,80000s
</usr/local/texlive/2021/texmf-dist/fonts/type1/public/amsfonts/cm/cmbx10.pfb></usr/local/texlive/2021/texmf-dist/fonts/type1/public/amsfonts/cm/cmbx12.pfb></usr/local/texlive/2021/texmf-dist/fonts/type1/public/amsfonts/cm/cmbx8.pfb></usr/local/texlive/2021/texmf-dist/fonts/type1/public/amsfonts/cm/cmbx9.pfb></usr/local/texlive/2021/texmf-dist/fonts/type1/public/amsfonts/cm/cmbxti10.pfb></usr/local/texlive/2021/texmf-dist/fonts/type1/public/amsfonts/cm/cmcsc10.pfb></usr/local/texlive/2021/texmf-dist/fonts/type1/public/amsfonts/cm/cmmi10.pfb></usr/local/texlive/2021/texmf-dist/fonts/type1/public/amsfonts/cm/cmmi5.pfb></usr/local/texlive/2021/texmf-dist/fonts/type1/public/amsfonts/cm/cmmi8.pfb></usr/local/texlive/2021/texmf-dist/fonts/type1/public/amsfonts/cm/cmmib10.pfb></usr/local/texlive/2021/texmf-dist/fonts/type1/public/amsfonts/cm/cmr10.pfb></usr/local/texlive/2021/texmf-dist/fonts/type1/public/amsfonts/cm/cmr12.pfb></usr/local/texlive/2021/texmf-dist/fonts/type1/public/amsfonts/cm/cmr6.pfb></usr/local/texlive/2021/texmf-dist/fonts/type1/public/amsfonts/cm/cmr7.pfb></usr/local/texlive/2021/texmf-dist/fonts/type1/public/amsfonts/cm/cmr8.pfb></usr/local/texlive/2021/texmf-dist/fonts/type1/public/amsfonts/cm/cmr9.pfb></usr/local/texlive/2021/texmf-dist/fonts/type1/public/amsfonts/cm/cmss10.pfb></usr/local/texlive/2021/texmf-dist/fonts/type1/public/amsfonts/cm/cmssbx10.pfb></usr/local/texlive/2021/texmf-dist/fonts/type1/public/amsfonts/cm/cmsy10.pfb></usr/local/texlive/2021/texmf-dist/fonts/type1/public/amsfonts/cm/cmsy8.pfb></usr/local/texlive/2021/texmf-dist/fonts/type1/public/amsfonts/cm/cmti10.pfb></usr/local/texlive/2021/texmf-dist/fonts/type1/public/amsfonts/cm/cmtt10.pfb></usr/local/texlive/2021/texmf-dist/fonts/type1/public/amsfonts/cm/cmtt8.pfb></usr/local/texlive/2021/texmf-dist/fonts/type1/public/amsfonts/cm/cmtt9.pfb></usr/local/texlive/2021/texmf-dist/fonts/type1/public/amsfonts/euler/eurm10.pfb>
Output written on interactcadsample.pdf (15 pages, 356600 bytes).
PDF statistics:
 189 PDF objects out of 1000 (max. 8388607)
 116 compressed objects within 2 object streams
 0 named destinations out of 1000 (max. 500000)
 11 words of extra memory for PDF output out of 10000 (max. 10000000)

